<?xml version="1.0" encoding="UTF-8"?>
<testsuite xmlns:xsi="http://www.w3.org/2001/XMLSchema-instance" xsi:noNamespaceSchemaLocation="https://maven.apache.org/surefire/maven-surefire-plugin/xsd/surefire-test-report.xsd" version="3.0.2" name="com.omnixys.storage.S3FileStorageServiceTest" time="0.05" tests="2" errors="0" skipped="0" failures="0" flakes="0">
  <properties>
[...]
</properties>
  <testcase name="shouldRejectMissingBucket" classname="com.omnixys.storage.S3FileStorageServiceTest" time="0.025"/>
  <testcase name="shouldConfigureProperties" classname="com.omnixys.storage.S3FileStorageServiceTest" time="0.004"/>
</testsuite>